[2019-11-09 15:20:46] START
[2019-11-09 15:21:05] CREATE table.py: 0
[2019-11-09 15:33:54] EDIT customer_list/models/table.py: 21
[2019-11-09 15:34:00] EDIT customer_list/models/table.py: 0
[2019-11-09 15:37:31] EDIT customer_list/models/table.py: 0
[2019-11-09 15:38:58] EDIT customer_list/models/table.py: -2
[2019-11-09 15:39:44] EDIT customer_list/models/table.py: 2
[2019-11-09 15:41:16] EDIT customer_list/models/table.py: 0
[2019-11-09 15:41:42] EDIT customer_list/models/table.py: 0
[2019-11-09 15:44:03] EDIT customer_list/models/table.py: 0
[2019-11-09 15:45:27] EDIT customer_list/models/table.py: 0
[2019-11-09 17:35:46] EDIT customer_list/models/table.py: 0
[2019-11-09 17:37:29] EDIT customer_list/models/table.py: 0
[2019-11-09 17:39:12] CREATE _find_prospect.py: 0
[2019-11-09 17:39:27] CREATE find_prospect.py: 0
[2019-11-09 17:39:33] DELETE customer_list/controllers/_find_prospect.py: -1
[2019-11-09 17:40:49] EDIT customer_list/models/menu.py: -94
[2019-11-09 17:41:29] EDIT customer_list/views/layout.html: 0
[2019-11-09 17:42:39] EDIT customer_list/views/layout.html: 0
[2019-11-09 17:42:55] EDIT customer_list/views/layout.html: -3
[2019-11-09 17:43:43] EDIT customer_list/controllers/default.py: -1
[2019-11-09 17:44:12] EDIT customer_list/views/default/index.html: -32
[2019-11-09 17:46:38] EDIT customer_list/views/default/index.html: 0
[2019-11-09 17:47:11] EDIT customer_list/views/default/index.html: 4
[2019-11-09 17:48:08] EDIT customer_list/views/default/index.html: -4
[2019-11-09 17:49:29] EDIT customer_list/views/layout.html: 0
[2019-11-09 17:49:38] EDIT customer_list/views/layout.html: 0
[2019-11-09 17:50:22] EDIT customer_list/views/layout.html: 0
[2019-11-09 18:03:56] EDIT customer_list/views/layout.html: 2
[2019-11-09 18:04:03] EDIT customer_list/views/default/index.html: 29
[2019-11-09 18:05:21] EDIT customer_list/views/default/index.html: 0
[2019-11-09 18:05:35] EDIT customer_list/views/default/index.html: 0
[2019-11-09 18:05:54] EDIT customer_list/views/default/index.html: 0
[2019-11-09 18:06:12] EDIT customer_list/views/default/index.html: 0
[2019-11-09 18:09:00] EDIT customer_list/views/default/index.html: 0
[2019-11-09 18:09:04] EDIT customer_list/views/default/index.html: 0
[2019-11-09 18:09:19] EDIT customer_list/views/default/index.html: 0
[2019-11-09 18:10:03] EDIT customer_list/views/default/index.html: -1
[2019-11-09 18:10:31] EDIT customer_list/views/default/index.html: 1
[2019-11-09 18:10:49] EDIT customer_list/views/default/index.html: 0
[2019-11-09 18:11:17] EDIT customer_list/views/default/index.html: 0
[2019-11-09 18:11:26] EDIT customer_list/views/default/index.html: 0
[2019-11-09 18:12:23] EDIT customer_list/views/default/index.html: 0
[2019-11-09 18:13:03] EDIT customer_list/views/default/index.html: 0
[2019-11-09 18:13:34] EDIT customer_list/views/default/index.html: 0
[2019-11-09 18:14:57] EDIT customer_list/views/default/index.html: 0
[2019-11-09 23:43:36] CREATE find_person.py: 0
[2019-11-09 23:43:44] DELETE customer_list/controllers/find_prospect.py: -1
[2019-11-09 23:44:25] EDIT customer_list/views/default/index.html: 0
[2019-11-09 23:44:44] EDIT customer_list/views/default/index.html: 1
[2019-11-09 23:46:39] EDIT customer_list/views/default/index.html: 0
[2019-11-09 23:46:54] EDIT customer_list/views/default/index.html: 1
[2019-11-09 23:47:36] EDIT customer_list/views/default/index.html: 0
[2019-11-09 23:48:30] EDIT customer_list/views/default/index.html: 0
[2019-11-09 23:48:55] EDIT customer_list/views/default/index.html: -2
[2019-11-09 23:49:13] EDIT customer_list/views/default/index.html: 0
[2019-11-09 23:51:34] EDIT customer_list/views/default/index.html: 0
[2019-11-09 23:53:08] EDIT customer_list/views/default/index.html: 0
[2019-11-09 23:54:45] EDIT customer_list/views/default/index.html: 0
[2019-11-10 00:05:39] EDIT customer_list/views/default/index.html: 0
[2019-11-10 00:06:30] EDIT customer_list/views/default/index.html: 0
[2019-11-10 00:09:14] EDIT customer_list/controllers/find_person.py: 3
[2019-11-10 00:11:16] EDIT customer_list/controllers/find_person.py: 0
[2019-11-10 00:11:43] EDIT customer_list/controllers/find_person.py: 0
[2019-11-10 00:12:03] EDIT customer_list/controllers/find_person.py: 0
[2019-11-10 00:12:22] CREATE find_person/list_people.html: 0
[2019-11-10 00:12:46] EDIT customer_list/views/find_person/list_people.html: 0
[2019-11-10 00:12:54] EDIT customer_list/views/find_person/list_people.html: 0
[2019-11-10 00:30:02] EDIT customer_list/controllers/find_person.py: 0
[2019-11-10 00:30:19] EDIT customer_list/controllers/find_person.py: 0
[2019-11-10 00:37:21] EDIT customer_list/controllers/find_person.py: 0
[2019-11-10 00:37:38] EDIT customer_list/controllers/find_person.py: 1
[2019-11-10 00:37:58] EDIT customer_list/controllers/find_person.py: 0
[2019-11-10 00:38:37] EDIT customer_list/controllers/find_person.py: 0
[2019-11-10 00:38:48] EDIT customer_list/controllers/find_person.py: 1
[2019-11-10 00:38:58] EDIT customer_list/controllers/find_person.py: 0
[2019-11-10 00:39:45] EDIT customer_list/controllers/find_person.py: 0
[2019-11-10 00:40:17] EDIT customer_list/controllers/find_person.py: 0
[2019-11-10 00:42:39] EDIT customer_list/controllers/find_person.py: 18
[2019-11-10 00:42:54] EDIT customer_list/controllers/find_person.py: 0
[2019-11-10 00:43:24] EDIT customer_list/controllers/find_person.py: 0
[2019-11-10 00:44:59] EDIT customer_list/controllers/find_person.py: 0
[2019-11-10 00:45:52] EDIT customer_list/models/table.py: 0
[2019-11-10 00:46:44] EDIT customer_list/models/table.py: 0
[2019-11-10 00:46:58] EDIT customer_list/models/table.py: 0
[2019-11-10 00:49:21] EDIT customer_list/controllers/find_person.py: -1
[2019-11-10 00:49:28] EDIT customer_list/controllers/find_person.py: -19
[2019-11-10 00:57:22] EDIT customer_list/controllers/find_person.py: 0
[2019-11-10 01:00:01] EDIT customer_list/controllers/find_person.py: 2
[2019-11-10 01:00:31] EDIT customer_list/controllers/find_person.py: 0
[2019-11-10 01:00:54] EDIT customer_list/controllers/find_person.py: 0
[2019-11-10 01:01:02] EDIT customer_list/controllers/find_person.py: 0
[2019-11-10 01:01:16] EDIT customer_list/controllers/find_person.py: 0
[2019-11-10 01:01:49] EDIT customer_list/controllers/find_person.py: 0
[2019-11-10 01:04:22] EDIT customer_list/controllers/find_person.py: 0
[2019-11-10 01:04:57] EDIT customer_list/controllers/find_person.py: 0
[2019-11-10 01:05:11] EDIT customer_list/controllers/find_person.py: 0
[2019-11-10 01:09:20] EDIT customer_list/controllers/find_person.py: 0
[2019-11-10 01:10:05] EDIT customer_list/controllers/find_person.py: 0
[2019-11-10 01:10:20] EDIT customer_list/controllers/find_person.py: 0
[2019-11-10 01:10:59] EDIT customer_list/controllers/find_person.py: 0
[2019-11-10 01:12:12] EDIT customer_list/controllers/default.py: 3
[2019-11-10 01:12:44] EDIT customer_list/views/default/index.html: -1
[2019-11-10 01:13:16] EDIT customer_list/views/default/index.html: 0
[2019-11-10 01:14:20] EDIT customer_list/views/default/index.html: 0
[2019-11-10 01:14:34] EDIT customer_list/views/default/index.html: 0
[2019-11-10 01:15:06] EDIT customer_list/views/default/index.html: -5
[2019-11-10 01:58:38] EDIT customer_list/controllers/find_person.py: 0
[2019-11-10 01:59:10] EDIT customer_list/controllers/find_person.py: 0
[2019-11-10 02:00:16] EDIT customer_list/controllers/find_person.py: 0
[2019-11-10 02:00:37] EDIT customer_list/controllers/find_person.py: -2
[2019-11-10 02:00:53] EDIT customer_list/controllers/find_person.py: 0
[2019-11-10 02:00:56] EDIT customer_list/controllers/find_person.py: 0
[2019-11-10 02:01:07] EDIT customer_list/controllers/find_person.py: 0
[2019-11-10 02:01:17] EDIT customer_list/controllers/find_person.py: 0
[2019-11-10 02:01:28] EDIT customer_list/controllers/find_person.py: 0
[2019-11-10 02:01:58] EDIT customer_list/controllers/find_person.py: 2
[2019-11-10 02:02:06] EDIT customer_list/controllers/find_person.py: 0
[2019-11-10 02:03:03] EDIT customer_list/controllers/find_person.py: 0
[2019-11-10 02:04:09] EDIT customer_list/models/table.py: 1
[2019-11-10 02:04:14] EDIT customer_list/models/table.py: 0
[2019-11-10 02:05:48] EDIT customer_list/models/table.py: -1
[2019-11-10 02:23:25] EDIT customer_list/controllers/default.py: 1
[2019-11-10 02:33:07] EDIT customer_list/models/table.py: 7
[2019-11-10 02:33:26] EDIT customer_list/models/table.py: 0
[2019-11-10 02:36:29] EDIT customer_list/models/table.py: 1
[2019-11-10 02:40:23] EDIT customer_list/models/table.py: 0
[2019-11-10 02:42:29] EDIT customer_list/controllers/find_person.py: 0
[2019-11-10 02:43:29] EDIT customer_list/controllers/find_person.py: 1
[2019-11-10 02:45:53] EDIT customer_list/models/table.py: 1
[2019-11-10 02:46:16] EDIT customer_list/models/table.py: 0
[2019-11-10 02:47:11] EDIT customer_list/controllers/find_person.py: 0
[2019-11-10 02:47:20] EDIT customer_list/models/table.py: -1
[2019-11-10 02:47:31] EDIT customer_list/controllers/find_person.py: 0
[2019-11-10 02:47:40] EDIT customer_list/controllers/find_person.py: 0
[2019-11-10 02:51:20] EDIT customer_list/views/default/index.html: 0
[2019-11-10 02:51:36] EDIT customer_list/views/default/index.html: 0
[2019-11-10 02:51:41] EDIT customer_list/views/default/index.html: 0
[2019-11-10 02:52:03] CREATE contact_and_invite.py: 0
[2019-11-10 02:52:51] EDIT customer_list/controllers/contact_and_invite.py: 4
[2019-11-10 02:53:07] CREATE contact_and_invite/list_contact.html: 0
[2019-11-10 02:53:12] EDIT customer_list/views/contact_and_invite/list_contact.html: 0
[2019-11-10 02:53:33] EDIT customer_list/views/contact_and_invite/list_contact.html: 0
[2019-11-10 02:54:01] EDIT customer_list/views/contact_and_invite/list_contact.html: 0
[2019-11-10 02:56:17] EDIT customer_list/views/contact_and_invite/list_contact.html: 26
[2019-11-10 02:56:31] EDIT customer_list/views/contact_and_invite/list_contact.html: 0
[2019-11-10 02:59:34] EDIT customer_list/views/find_person/list_people.html: 26
[2019-11-10 03:00:17] EDIT customer_list/views/default/index.html: -26
[2019-11-10 03:01:07] EDIT customer_list/controllers/default.py: 1
[2019-11-10 03:07:39] EDIT customer_list/models/table.py: 1
[2019-11-10 03:08:17] EDIT customer_list/models/table.py: 0
[2019-11-10 03:08:25] EDIT customer_list/models/table.py: 0
[2019-11-10 03:08:35] EDIT customer_list/models/table.py: 0
[2019-11-10 03:09:44] EDIT customer_list/views/find_person/list_people.html: -9
[2019-11-10 03:10:20] EDIT customer_list/views/find_person/list_people.html: 0
[2019-11-10 03:10:56] EDIT customer_list/models/table.py: 0
[2019-11-10 03:11:18] EDIT customer_list/models/table.py: 0
[2019-11-10 03:11:55] EDIT customer_list/models/table.py: 0
[2019-11-10 03:12:19] CREATE work_activity.py: 0
[2019-11-10 03:12:30] EDIT customer_list/controllers/work_activity.py: 0
[2019-11-10 03:13:11] EDIT customer_list/controllers/work_activity.py: 4
[2019-11-10 03:13:24] CREATE work_activity/list_activity.html: 0
[2019-11-10 03:13:52] EDIT customer_list/views/work_activity/list_activity.html: 17
[2019-11-10 03:14:06] EDIT customer_list/views/find_person/list_people.html: 0
[2019-11-10 03:17:18] EDIT customer_list/models/table.py: 0
[2019-11-10 03:17:31] EDIT customer_list/models/table.py: 0
[2019-11-10 03:25:40] EDIT customer_list/controllers/default.py: -1
[2019-11-10 03:26:47] EDIT customer_list/controllers/default.py: 0
[2019-11-10 03:29:34] EDIT customer_list/controllers/default.py: 0
[2019-11-10 03:32:32] EDIT customer_list/controllers/find_person.py: -1
[2019-11-10 03:34:30] EDIT customer_list/controllers/work_activity.py: 0
[2019-11-10 03:34:41] EDIT customer_list/controllers/work_activity.py: 0
[2019-11-10 03:34:52] EDIT customer_list/controllers/work_activity.py: 0
[2019-11-10 03:36:46] EDIT customer_list/models/menu.py: 1
[2019-11-10 03:37:20] EDIT customer_list/models/menu.py: 0
